# JRE version: Java(TM) SE Runtime Environment (8.0_40-b25) (build 1.8.0_40-b25)
# Java VM: Java HotSpot(TM) 64-Bit Server VM (25.40-b25 mixed mode windows-amd64 compressed oops)
Heap:
 PSYoungGen      total 101888K, used 100950K [0x00000000e0c00000, 0x00000000e7300000, 0x0000000100000000)
  eden space 98304K, 100% used [0x00000000e0c00000,0x00000000e6c00000,0x00000000e6c00000)
  from space 3584K, 73% used [0x00000000e6f80000,0x00000000e7215828,0x00000000e7300000)
  to   space 3584K, 73% used [0x00000000e6c00000,0x00000000e6e93738,0x00000000e6f80000)
 ParOldGen       total 64512K, used 40K [0x00000000a2400000, 0x00000000a6300000, 0x00000000e0c00000)
  object space 64512K, 0% used [0x00000000a2400000,0x00000000a240a000,0x00000000a6300000)
 Metaspace       used 9555K, capacity 9684K, committed 9856K, reserved 1058816K
  class space    used 1059K, capacity 1117K, committed 1152K, reserved 1048576K
GC Heap History (8 events):
Event: 1.286 GC heap before
{Heap before GC invocations=1 (full 0):
 PSYoungGen      total 28160K, used 24576K [0x00000000e0c00000, 0x00000000e2b00000, 0x0000000100000000)
  eden space 24576K, 100% used [0x00000000e0c00000,0x00000000e2400000,0x00000000e2400000)
  from space 3584K, 0% used [0x00000000e2780000,0x00000000e2780000,0x00000000e2b00000)
  to   space 3584K, 0% used [0x00000000e2400000,0x00000000e2400000,0x00000000e2780000)
 ParOldGen       total 64512K, used 0K [0x00000000a2400000, 0x00000000a6300000, 0x00000000e0c00000)
  object space 64512K, 0% used [0x00000000a2400000,0x00000000a2400000,0x00000000a6300000)
 Metaspace       used 9464K, capacity 9602K, committed 9856K, reserved 1058816K
  class space    used 1054K, capacity 1114K, committed 1152K, reserved 1048576K
Event: 1.310 GC heap after
Heap after GC invocations=1 (full 0):
 PSYoungGen      total 28160K, used 2982K [0x00000000e0c00000, 0x00000000e4300000, 0x0000000100000000)
  eden space 24576K, 0% used [0x00000000e0c00000,0x00000000e0c00000,0x00000000e2400000)
  from space 3584K, 83% used [0x00000000e2400000,0x00000000e26e9838,0x00000000e2780000)
  to   space 3584K, 0% used [0x00000000e3f80000,0x00000000e3f80000,0x00000000e4300000)
 ParOldGen       total 64512K, used 16K [0x00000000a2400000, 0x00000000a6300000, 0x00000000e0c00000)
  object space 64512K, 0% used [0x00000000a2400000,0x00000000a2404000,0x00000000a6300000)
 Metaspace       used 9464K, capacity 9602K, committed 9856K, reserved 1058816K
  class space    used 1054K, capacity 1114K, committed 1152K, reserved 1048576K
}
Event: 1.393 GC heap before
{Heap before GC invocations=2 (full 0):
 PSYoungGen      total 28160K, used 27558K [0x00000000e0c00000, 0x00000000e4300000, 0x0000000100000000)
  eden space 24576K, 100% used [0x00000000e0c00000,0x00000000e2400000,0x00000000e2400000)
  from space 3584K, 83% used [0x00000000e2400000,0x00000000e26e9838,0x00000000e2780000)
  to   space 3584K, 0% used [0x00000000e3f80000,0x00000000e3f80000,0x00000000e4300000)
 ParOldGen       total 64512K, used 16K [0x00000000a2400000, 0x00000000a6300000, 0x00000000e0c00000)
  object space 64512K, 0% used [0x00000000a2400000,0x00000000a2404000,0x00000000a6300000)
 Metaspace       used 9491K, capacity 9666K, committed 9856K, reserved 1058816K
  class space    used 1055K, capacity 1114K, committed 1152K, reserved 1048576K
Event: 1.396 GC heap after
Heap after GC invocations=2 (full 0):
 PSYoungGen      total 52736K, used 2632K [0x00000000e0c00000, 0x00000000e4300000, 0x0000000100000000)
  eden space 49152K, 0% used [0x00000000e0c00000,0x00000000e0c00000,0x00000000e3c00000)
  from space 3584K, 73% used [0x00000000e3f80000,0x00000000e42122f8,0x00000000e4300000)
  to   space 3584K, 0% used [0x00000000e3c00000,0x00000000e3c00000,0x00000000e3f80000)
 ParOldGen       total 64512K, used 24K [0x00000000a2400000, 0x00000000a6300000, 0x00000000e0c00000)
  object space 64512K, 0% used [0x00000000a2400000,0x00000000a2406000,0x00000000a6300000)
 Metaspace       used 9491K, capacity 9666K, committed 9856K, reserved 1058816K
  class space    used 1055K, capacity 1114K, committed 1152K, reserved 1048576K
}
Event: 1.630 GC heap before
{Heap before GC invocations=3 (full 0):
 PSYoungGen      total 52736K, used 51784K [0x00000000e0c00000, 0x00000000e4300000, 0x0000000100000000)
  eden space 49152K, 100% used [0x00000000e0c00000,0x00000000e3c00000,0x00000000e3c00000)
  from space 3584K, 73% used [0x00000000e3f80000,0x00000000e42122f8,0x00000000e4300000)
  to   space 3584K, 0% used [0x00000000e3c00000,0x00000000e3c00000,0x00000000e3f80000)
 ParOldGen       total 64512K, used 24K [0x00000000a2400000, 0x00000000a6300000, 0x00000000e0c00000)
  object space 64512K, 0% used [0x00000000a2400000,0x00000000a2406000,0x00000000a6300000)
 Metaspace       used 9534K, capacity 9684K, committed 9856K, reserved 1058816K
  class space    used 1059K, capacity 1117K, committed 1152K, reserved 1048576K
Event: 1.634 GC heap after
Heap after GC invocations=3 (full 0):
 PSYoungGen      total 52736K, used 2696K [0x00000000e0c00000, 0x00000000e7300000, 0x0000000100000000)
  eden space 49152K, 0% used [0x00000000e0c00000,0x00000000e0c00000,0x00000000e3c00000)
  from space 3584K, 75% used [0x00000000e3c00000,0x00000000e3ea22f8,0x00000000e3f80000)
  to   space 3584K, 0% used [0x00000000e6f80000,0x00000000e6f80000,0x00000000e7300000)
 ParOldGen       total 64512K, used 32K [0x00000000a2400000, 0x00000000a6300000, 0x00000000e0c00000)
  object space 64512K, 0% used [0x00000000a2400000,0x00000000a2408000,0x00000000a6300000)
 Metaspace       used 9534K, capacity 9684K, committed 9856K, reserved 1058816K
  class space    used 1059K, capacity 1117K, committed 1152K, reserved 1048576K
}
Event: 1.822 GC heap before
{Heap before GC invocations=4 (full 0):
 PSYoungGen      total 52736K, used 51848K [0x00000000e0c00000, 0x00000000e7300000, 0x0000000100000000)
  eden space 49152K, 100% used [0x00000000e0c00000,0x00000000e3c00000,0x00000000e3c00000)
  from space 3584K, 75% used [0x00000000e3c00000,0x00000000e3ea22f8,0x00000000e3f80000)
  to   space 3584K, 0% used [0x00000000e6f80000,0x00000000e6f80000,0x00000000e7300000)
 ParOldGen       total 64512K, used 32K [0x00000000a2400000, 0x00000000a6300000, 0x00000000e0c00000)
  object space 64512K, 0% used [0x00000000a2400000,0x00000000a2408000,0x00000000a6300000)
 Metaspace       used 9537K, capacity 9684K, committed 9856K, reserved 1058816K
  class space    used 1059K, capacity 1117K, committed 1152K, reserved 1048576K
Event: 1.826 GC heap after
Heap after GC invocations=4 (full 0):
 PSYoungGen      total 101888K, used 2646K [0x00000000e0c00000, 0x00000000e7300000, 0x0000000100000000)
  eden space 98304K, 0% used [0x00000000e0c00000,0x00000000e0c00000,0x00000000e6c00000)
  from space 3584K, 73% used [0x00000000e6f80000,0x00000000e7215828,0x00000000e7300000)
  to   space 3584K, 0% used [0x00000000e6c00000,0x00000000e6c00000,0x00000000e6f80000)
 ParOldGen       total 64512K, used 40K [0x00000000a2400000, 0x00000000a6300000, 0x00000000e0c00000)
  object space 64512K, 0% used [0x00000000a2400000,0x00000000a240a000,0x00000000a6300000)
 Metaspace       used 9537K, capacity 9684K, committed 9856K, reserved 1058816K
  class space    used 1059K, capacity 1117K, committed 1152K, reserved 1048576K
}

