# JRE version: Java(TM) SE Runtime Environment (8.0_40-b25) (build 1.8.0_40-b25)
# Java VM: Java HotSpot(TM) 64-Bit Server VM (25.40-b25 mixed mode windows-amd64 compressed oops)
Heap:
 PSYoungGen      total 202240K, used 111564K [0x00000000e0c00000, 0x00000000f4a80000, 0x0000000100000000)
  eden space 196608K, 56% used [0x00000000e0c00000,0x00000000e78db2c8,0x00000000ecc00000)
  from space 5632K, 1% used [0x00000000ecc00000,0x00000000ecc18000,0x00000000ed180000)
  to   space 5632K, 0% used [0x00000000f4500000,0x00000000f4500000,0x00000000f4a80000)
 ParOldGen       total 64512K, used 14363K [0x00000000a2400000, 0x00000000a6300000, 0x00000000e0c00000)
  object space 64512K, 22% used [0x00000000a2400000,0x00000000a3206cb0,0x00000000a6300000)
 Metaspace       used 13221K, capacity 13714K, committed 13824K, reserved 1060864K
  class space    used 1580K, capacity 1710K, committed 1792K, reserved 1048576K
GC Heap History (10 events):
Event: 4.660 GC heap before
{Heap before GC invocations=5 (full 0):
 PSYoungGen      total 52736K, used 51211K [0x00000000e0c00000, 0x00000000e4300000, 0x0000000100000000)
  eden space 49152K, 100% used [0x00000000e0c00000,0x00000000e3c00000,0x00000000e3c00000)
  from space 3584K, 57% used [0x00000000e3f80000,0x00000000e4182cd0,0x00000000e4300000)
  to   space 3584K, 0% used [0x00000000e3c00000,0x00000000e3c00000,0x00000000e3f80000)
 ParOldGen       total 64512K, used 11804K [0x00000000a2400000, 0x00000000a6300000, 0x00000000e0c00000)
  object space 64512K, 18% used [0x00000000a2400000,0x00000000a2f873b8,0x00000000a6300000)
 Metaspace       used 12940K, capacity 13398K, committed 13568K, reserved 1060864K
  class space    used 1575K, capacity 1702K, committed 1792K, reserved 1048576K
Event: 4.663 GC heap after
Heap after GC invocations=5 (full 0):
 PSYoungGen      total 52736K, used 2659K [0x00000000e0c00000, 0x00000000e7800000, 0x0000000100000000)
  eden space 49152K, 0% used [0x00000000e0c00000,0x00000000e0c00000,0x00000000e3c00000)
  from space 3584K, 74% used [0x00000000e3c00000,0x00000000e3e98d50,0x00000000e3f80000)
  to   space 6144K, 0% used [0x00000000e7200000,0x00000000e7200000,0x00000000e7800000)
 ParOldGen       total 64512K, used 11812K [0x00000000a2400000, 0x00000000a6300000, 0x00000000e0c00000)
  object space 64512K, 18% used [0x00000000a2400000,0x00000000a2f893b8,0x00000000a6300000)
 Metaspace       used 12940K, capacity 13398K, committed 13568K, reserved 1060864K
  class space    used 1575K, capacity 1702K, committed 1792K, reserved 1048576K
}
Event: 5.717 GC heap before
{Heap before GC invocations=6 (full 0):
 PSYoungGen      total 52736K, used 51811K [0x00000000e0c00000, 0x00000000e7800000, 0x0000000100000000)
  eden space 49152K, 100% used [0x00000000e0c00000,0x00000000e3c00000,0x00000000e3c00000)
  from space 3584K, 74% used [0x00000000e3c00000,0x00000000e3e98d50,0x00000000e3f80000)
  to   space 6144K, 0% used [0x00000000e7200000,0x00000000e7200000,0x00000000e7800000)
 ParOldGen       total 64512K, used 11812K [0x00000000a2400000, 0x00000000a6300000, 0x00000000e0c00000)
  object space 64512K, 18% used [0x00000000a2400000,0x00000000a2f893b8,0x00000000a6300000)
 Metaspace       used 13006K, capacity 13496K, committed 13824K, reserved 1060864K
  class space    used 1579K, capacity 1707K, committed 1792K, reserved 1048576K
Event: 5.720 GC heap after
Heap after GC invocations=6 (full 0):
 PSYoungGen      total 103424K, used 2587K [0x00000000e0c00000, 0x00000000e7700000, 0x0000000100000000)
  eden space 98304K, 0% used [0x00000000e0c00000,0x00000000e0c00000,0x00000000e6c00000)
  from space 5120K, 50% used [0x00000000e7200000,0x00000000e7486c60,0x00000000e7700000)
  to   space 5632K, 0% used [0x00000000e6c00000,0x00000000e6c00000,0x00000000e7180000)
 ParOldGen       total 64512K, used 11812K [0x00000000a2400000, 0x00000000a6300000, 0x00000000e0c00000)
  object space 64512K, 18% used [0x00000000a2400000,0x00000000a2f893b8,0x00000000a6300000)
 Metaspace       used 13006K, capacity 13496K, committed 13824K, reserved 1060864K
  class space    used 1579K, capacity 1707K, committed 1792K, reserved 1048576K
}
Event: 7.662 GC heap before
{Heap before GC invocations=7 (full 0):
 PSYoungGen      total 103424K, used 100891K [0x00000000e0c00000, 0x00000000e7700000, 0x0000000100000000)
  eden space 98304K, 100% used [0x00000000e0c00000,0x00000000e6c00000,0x00000000e6c00000)
  from space 5120K, 50% used [0x00000000e7200000,0x00000000e7486c60,0x00000000e7700000)
  to   space 5632K, 0% used [0x00000000e6c00000,0x00000000e6c00000,0x00000000e7180000)
 ParOldGen       total 64512K, used 11812K [0x00000000a2400000, 0x00000000a6300000, 0x00000000e0c00000)
  object space 64512K, 18% used [0x00000000a2400000,0x00000000a2f893b8,0x00000000a6300000)
 Metaspace       used 13061K, capacity 13568K, committed 13824K, reserved 1060864K
  class space    used 1579K, capacity 1707K, committed 1792K, reserved 1048576K
Event: 7.666 GC heap after
Heap after GC invocations=7 (full 0):
 PSYoungGen      total 103936K, used 1026K [0x00000000e0c00000, 0x00000000ed700000, 0x0000000100000000)
  eden space 98304K, 0% used [0x00000000e0c00000,0x00000000e0c00000,0x00000000e6c00000)
  from space 5632K, 18% used [0x00000000e6c00000,0x00000000e6d00840,0x00000000e7180000)
  to   space 5632K, 0% used [0x00000000ed180000,0x00000000ed180000,0x00000000ed700000)
 ParOldGen       total 64512K, used 13406K [0x00000000a2400000, 0x00000000a6300000, 0x00000000e0c00000)
  object space 64512K, 20% used [0x00000000a2400000,0x00000000a3117bd0,0x00000000a6300000)
 Metaspace       used 13061K, capacity 13568K, committed 13824K, reserved 1060864K
  class space    used 1579K, capacity 1707K, committed 1792K, reserved 1048576K
}
Event: 9.736 GC heap before
{Heap before GC invocations=8 (full 0):
 PSYoungGen      total 103936K, used 99330K [0x00000000e0c00000, 0x00000000ed700000, 0x0000000100000000)
  eden space 98304K, 100% used [0x00000000e0c00000,0x00000000e6c00000,0x00000000e6c00000)
  from space 5632K, 18% used [0x00000000e6c00000,0x00000000e6d00840,0x00000000e7180000)
  to   space 5632K, 0% used [0x00000000ed180000,0x00000000ed180000,0x00000000ed700000)
 ParOldGen       total 64512K, used 13406K [0x00000000a2400000, 0x00000000a6300000, 0x00000000e0c00000)
  object space 64512K, 20% used [0x00000000a2400000,0x00000000a3117bd0,0x00000000a6300000)
 Metaspace       used 13121K, capacity 13638K, committed 13824K, reserved 1060864K
  class space    used 1579K, capacity 1708K, committed 1792K, reserved 1048576K
Event: 9.739 GC heap after
Heap after GC invocations=8 (full 0):
 PSYoungGen      total 202240K, used 641K [0x00000000e0c00000, 0x00000000ed700000, 0x0000000100000000)
  eden space 196608K, 0% used [0x00000000e0c00000,0x00000000e0c00000,0x00000000ecc00000)
  from space 5632K, 11% used [0x00000000ed180000,0x00000000ed220480,0x00000000ed700000)
  to   space 5632K, 0% used [0x00000000ecc00000,0x00000000ecc00000,0x00000000ed180000)
 ParOldGen       total 64512K, used 13787K [0x00000000a2400000, 0x00000000a6300000, 0x00000000e0c00000)
  object space 64512K, 21% used [0x00000000a2400000,0x00000000a3176ef0,0x00000000a6300000)
 Metaspace       used 13121K, capacity 13638K, committed 13824K, reserved 1060864K
  class space    used 1579K, capacity 1708K, committed 1792K, reserved 1048576K
}
Event: 13.849 GC heap before
{Heap before GC invocations=9 (full 0):
 PSYoungGen      total 202240K, used 197249K [0x00000000e0c00000, 0x00000000ed700000, 0x0000000100000000)
  eden space 196608K, 100% used [0x00000000e0c00000,0x00000000ecc00000,0x00000000ecc00000)
  from space 5632K, 11% used [0x00000000ed180000,0x00000000ed220480,0x00000000ed700000)
  to   space 5632K, 0% used [0x00000000ecc00000,0x00000000ecc00000,0x00000000ed180000)
 ParOldGen       total 64512K, used 13787K [0x00000000a2400000, 0x00000000a6300000, 0x00000000e0c00000)
  object space 64512K, 21% used [0x00000000a2400000,0x00000000a3176ef0,0x00000000a6300000)
 Metaspace       used 13211K, capacity 13714K, committed 13824K, reserved 1060864K
  class space    used 1580K, capacity 1710K, committed 1792K, reserved 1048576K
Event: 13.853 GC heap after
Heap after GC invocations=9 (full 0):
 PSYoungGen      total 202240K, used 96K [0x00000000e0c00000, 0x00000000f4a80000, 0x0000000100000000)
  eden space 196608K, 0% used [0x00000000e0c00000,0x00000000e0c00000,0x00000000ecc00000)
  from space 5632K, 1% used [0x00000000ecc00000,0x00000000ecc18000,0x00000000ed180000)
  to   space 5632K, 0% used [0x00000000f4500000,0x00000000f4500000,0x00000000f4a80000)
 ParOldGen       total 64512K, used 14363K [0x00000000a2400000, 0x00000000a6300000, 0x00000000e0c00000)
  object space 64512K, 22% used [0x00000000a2400000,0x00000000a3206cb0,0x00000000a6300000)
 Metaspace       used 13211K, capacity 13714K, committed 13824K, reserved 1060864K
  class space    used 1580K, capacity 1710K, committed 1792K, reserved 1048576K
}

