# JRE version: Java(TM) SE Runtime Environment (8.0_40-b25) (build 1.8.0_40-b25)
# Java VM: Java HotSpot(TM) 64-Bit Server VM (25.40-b25 mixed mode windows-amd64 compressed oops)
Heap:
 PSYoungGen      total 24064K, used 21568K [0x00000000e0c00000, 0x00000000e2600000, 0x0000000100000000)
  eden space 21504K, 100% used [0x00000000e0c00000,0x00000000e2100000,0x00000000e2100000)
  from space 2560K, 2% used [0x00000000e2380000,0x00000000e2390000,0x00000000e2600000)
  to   space 2560K, 0% used [0x00000000e2100000,0x00000000e2100000,0x00000000e2380000)
 ParOldGen       total 64512K, used 6101K [0x00000000a2400000, 0x00000000a6300000, 0x00000000e0c00000)
  object space 64512K, 9% used [0x00000000a2400000,0x00000000a29f54b8,0x00000000a6300000)
 Metaspace       used 11686K, capacity 12184K, committed 12288K, reserved 1060864K
  class space    used 1365K, capacity 1479K, committed 1536K, reserved 1048576K
GC Heap History (10 events):
Event: 52.880 GC heap before
{Heap before GC invocations=22 (full 0):
 PSYoungGen      total 25088K, used 21568K [0x00000000e0c00000, 0x00000000e2800000, 0x0000000100000000)
  eden space 21504K, 100% used [0x00000000e0c00000,0x00000000e2100000,0x00000000e2100000)
  from space 3584K, 1% used [0x00000000e2100000,0x00000000e2110000,0x00000000e2480000)
  to   space 3584K, 0% used [0x00000000e2480000,0x00000000e2480000,0x00000000e2800000)
 ParOldGen       total 64512K, used 6085K [0x00000000a2400000, 0x00000000a6300000, 0x00000000e0c00000)
  object space 64512K, 9% used [0x00000000a2400000,0x00000000a29f14b8,0x00000000a6300000)
 Metaspace       used 11658K, capacity 12120K, committed 12288K, reserved 1060864K
  class space    used 1365K, capacity 1479K, committed 1536K, reserved 1048576K
Event: 52.882 GC heap after
Heap after GC invocations=22 (full 0):
 PSYoungGen      total 24064K, used 64K [0x00000000e0c00000, 0x00000000e2700000, 0x0000000100000000)
  eden space 21504K, 0% used [0x00000000e0c00000,0x00000000e0c00000,0x00000000e2100000)
  from space 2560K, 2% used [0x00000000e2480000,0x00000000e2490000,0x00000000e2700000)
  to   space 3072K, 0% used [0x00000000e2100000,0x00000000e2100000,0x00000000e2400000)
 ParOldGen       total 64512K, used 6085K [0x00000000a2400000, 0x00000000a6300000, 0x00000000e0c00000)
  object space 64512K, 9% used [0x00000000a2400000,0x00000000a29f14b8,0x00000000a6300000)
 Metaspace       used 11658K, capacity 12120K, committed 12288K, reserved 1060864K
  class space    used 1365K, capacity 1479K, committed 1536K, reserved 1048576K
}
Event: 54.613 GC heap before
{Heap before GC invocations=23 (full 0):
 PSYoungGen      total 24064K, used 21568K [0x00000000e0c00000, 0x00000000e2700000, 0x0000000100000000)
  eden space 21504K, 100% used [0x00000000e0c00000,0x00000000e2100000,0x00000000e2100000)
  from space 2560K, 2% used [0x00000000e2480000,0x00000000e2490000,0x00000000e2700000)
  to   space 3072K, 0% used [0x00000000e2100000,0x00000000e2100000,0x00000000e2400000)
 ParOldGen       total 64512K, used 6085K [0x00000000a2400000, 0x00000000a6300000, 0x00000000e0c00000)
  object space 64512K, 9% used [0x00000000a2400000,0x00000000a29f14b8,0x00000000a6300000)
 Metaspace       used 11658K, capacity 12120K, committed 12288K, reserved 1060864K
  class space    used 1365K, capacity 1479K, committed 1536K, reserved 1048576K
Event: 54.615 GC heap after
Heap after GC invocations=23 (full 0):
 PSYoungGen      total 24576K, used 64K [0x00000000e0c00000, 0x00000000e2700000, 0x0000000100000000)
  eden space 21504K, 0% used [0x00000000e0c00000,0x00000000e0c00000,0x00000000e2100000)
  from space 3072K, 2% used [0x00000000e2100000,0x00000000e2110000,0x00000000e2400000)
  to   space 3072K, 0% used [0x00000000e2400000,0x00000000e2400000,0x00000000e2700000)
 ParOldGen       total 64512K, used 6085K [0x00000000a2400000, 0x00000000a6300000, 0x00000000e0c00000)
  object space 64512K, 9% used [0x00000000a2400000,0x00000000a29f14b8,0x00000000a6300000)
 Metaspace       used 11658K, capacity 12120K, committed 12288K, reserved 1060864K
  class space    used 1365K, capacity 1479K, committed 1536K, reserved 1048576K
}
Event: 56.526 GC heap before
{Heap before GC invocations=24 (full 0):
 PSYoungGen      total 24576K, used 21568K [0x00000000e0c00000, 0x00000000e2700000, 0x0000000100000000)
  eden space 21504K, 100% used [0x00000000e0c00000,0x00000000e2100000,0x00000000e2100000)
  from space 3072K, 2% used [0x00000000e2100000,0x00000000e2110000,0x00000000e2400000)
  to   space 3072K, 0% used [0x00000000e2400000,0x00000000e2400000,0x00000000e2700000)
 ParOldGen       total 64512K, used 6085K [0x00000000a2400000, 0x00000000a6300000, 0x00000000e0c00000)
  object space 64512K, 9% used [0x00000000a2400000,0x00000000a29f14b8,0x00000000a6300000)
 Metaspace       used 11669K, capacity 12184K, committed 12288K, reserved 1060864K
  class space    used 1365K, capacity 1479K, committed 1536K, reserved 1048576K
Event: 56.527 GC heap after
Heap after GC invocations=24 (full 0):
 PSYoungGen      total 24576K, used 64K [0x00000000e0c00000, 0x00000000e2700000, 0x0000000100000000)
  eden space 21504K, 0% used [0x00000000e0c00000,0x00000000e0c00000,0x00000000e2100000)
  from space 3072K, 2% used [0x00000000e2400000,0x00000000e2410000,0x00000000e2700000)
  to   space 3072K, 0% used [0x00000000e2100000,0x00000000e2100000,0x00000000e2400000)
 ParOldGen       total 64512K, used 6085K [0x00000000a2400000, 0x00000000a6300000, 0x00000000e0c00000)
  object space 64512K, 9% used [0x00000000a2400000,0x00000000a29f14b8,0x00000000a6300000)
 Metaspace       used 11669K, capacity 12184K, committed 12288K, reserved 1060864K
  class space    used 1365K, capacity 1479K, committed 1536K, reserved 1048576K
}
Event: 57.783 GC heap before
{Heap before GC invocations=25 (full 0):
 PSYoungGen      total 24576K, used 21568K [0x00000000e0c00000, 0x00000000e2700000, 0x0000000100000000)
  eden space 21504K, 100% used [0x00000000e0c00000,0x00000000e2100000,0x00000000e2100000)
  from space 3072K, 2% used [0x00000000e2400000,0x00000000e2410000,0x00000000e2700000)
  to   space 3072K, 0% used [0x00000000e2100000,0x00000000e2100000,0x00000000e2400000)
 ParOldGen       total 64512K, used 6085K [0x00000000a2400000, 0x00000000a6300000, 0x00000000e0c00000)
  object space 64512K, 9% used [0x00000000a2400000,0x00000000a29f14b8,0x00000000a6300000)
 Metaspace       used 11678K, capacity 12184K, committed 12288K, reserved 1060864K
  class space    used 1365K, capacity 1479K, committed 1536K, reserved 1048576K
Event: 57.785 GC heap after
Heap after GC invocations=25 (full 0):
 PSYoungGen      total 22016K, used 64K [0x00000000e0c00000, 0x00000000e2600000, 0x0000000100000000)
  eden space 21504K, 0% used [0x00000000e0c00000,0x00000000e0c00000,0x00000000e2100000)
  from space 512K, 12% used [0x00000000e2100000,0x00000000e2110000,0x00000000e2180000)
  to   space 2560K, 0% used [0x00000000e2380000,0x00000000e2380000,0x00000000e2600000)
 ParOldGen       total 64512K, used 6093K [0x00000000a2400000, 0x00000000a6300000, 0x00000000e0c00000)
  object space 64512K, 9% used [0x00000000a2400000,0x00000000a29f34b8,0x00000000a6300000)
 Metaspace       used 11678K, capacity 12184K, committed 12288K, reserved 1060864K
  class space    used 1365K, capacity 1479K, committed 1536K, reserved 1048576K
}
Event: 60.327 GC heap before
{Heap before GC invocations=26 (full 0):
 PSYoungGen      total 22016K, used 21568K [0x00000000e0c00000, 0x00000000e2600000, 0x0000000100000000)
  eden space 21504K, 100% used [0x00000000e0c00000,0x00000000e2100000,0x00000000e2100000)
  from space 512K, 12% used [0x00000000e2100000,0x00000000e2110000,0x00000000e2180000)
  to   space 2560K, 0% used [0x00000000e2380000,0x00000000e2380000,0x00000000e2600000)
 ParOldGen       total 64512K, used 6093K [0x00000000a2400000, 0x00000000a6300000, 0x00000000e0c00000)
  object space 64512K, 9% used [0x00000000a2400000,0x00000000a29f34b8,0x00000000a6300000)
 Metaspace       used 11678K, capacity 12184K, committed 12288K, reserved 1060864K
  class space    used 1365K, capacity 1479K, committed 1536K, reserved 1048576K
Event: 60.328 GC heap after
Heap after GC invocations=26 (full 0):
 PSYoungGen      total 24064K, used 64K [0x00000000e0c00000, 0x00000000e2600000, 0x0000000100000000)
  eden space 21504K, 0% used [0x00000000e0c00000,0x00000000e0c00000,0x00000000e2100000)
  from space 2560K, 2% used [0x00000000e2380000,0x00000000e2390000,0x00000000e2600000)
  to   space 2560K, 0% used [0x00000000e2100000,0x00000000e2100000,0x00000000e2380000)
 ParOldGen       total 64512K, used 6101K [0x00000000a2400000, 0x00000000a6300000, 0x00000000e0c00000)
  object space 64512K, 9% used [0x00000000a2400000,0x00000000a29f54b8,0x00000000a6300000)
 Metaspace       used 11678K, capacity 12184K, committed 12288K, reserved 1060864K
  class space    used 1365K, capacity 1479K, committed 1536K, reserved 1048576K
}

